<?xml version="1.0" encoding="UTF-8"?>
<!-- Generated by org.testng.reporters.JUnitReportReporter -->
<testsuite hostname="LTIN211542" failures="0" tests="1" name="Resources.Base" time="0.016" errors="0" timestamp="2020-12-31T13:46:12 IST" skipped="0">
  <testcase classname="Resources.Base" name="initializeDriver" time="0.016"/>
  <system-out/>
</testsuite> <!-- Resources.Base -->
