<?xml version="1.0" encoding="UTF-8"?>
<!-- Generated by org.testng.reporters.JUnitReportReporter -->
<testsuite hostname="LTIN211542" failures="0" tests="1" name="MavenTest.E2E.BC_ViewRequests" time="32.638" errors="0" timestamp="2020-12-31T22:56:10 IST" skipped="0">
  <testcase classname="MavenTest.E2E.BC_ViewRequests" name="viewRequests" time="32.638"/>
  <system-out/>
</testsuite> <!-- MavenTest.E2E.BC_ViewRequests -->
