<?xml version="1.0" encoding="UTF-8"?>
<!-- Generated by org.testng.reporters.JUnitReportReporter -->
<testsuite hostname="LTIN211542" failures="0" tests="1" name="Resources.LaunchURL" time="10.536" errors="0" timestamp="2020-12-31T18:42:00 IST" skipped="0">
  <testcase classname="Resources.LaunchURL" name="launchURL" time="10.536"/>
  <system-out/>
</testsuite> <!-- Resources.LaunchURL -->
